<?xml version="1.0" encoding="UTF-8"?>
<testsuite xmlns:xsi="http://www.w3.org/2001/XMLSchema-instance" xsi:noNamespaceSchemaLocation="https://maven.apache.org/surefire/maven-surefire-plugin/xsd/surefire-test-report-3.0.xsd" version="3.0" name="hellocucumber.RunCucumberTest" time="0.149" tests="2" errors="0" skipped="0" failures="0">
  <properties>
    <property name="sun.desktop" value="gnome"/>
    <property name="awt.toolkit" value="sun.awt.X11.XToolkit"/>
    <property name="java.specification.version" value="11"/>
    <property name="sun.cpu.isalist" value=""/>
    <property name="sun.jnu.encoding" value="UTF-8"/>
    <property name="java.class.path" value="/home/burak/Projects/hellocucumber/target/test-classes:/home/burak/Projects/hellocucumber/target/classes:/home/burak/.m2/repository/io/cucumber/cucumber-java/7.5.0/cucumber-java-7.5.0.jar:/home/burak/.m2/repository/io/cucumber/cucumber-core/7.5.0/cucumber-core-7.5.0.jar:/home/burak/.m2/repository/io/cucumber/cucumber-gherkin/7.5.0/cucumber-gherkin-7.5.0.jar:/home/burak/.m2/repository/io/cucumber/cucumber-gherkin-messages/7.5.0/cucumber-gherkin-messages-7.5.0.jar:/home/burak/.m2/repository/io/cucumber/gherkin/23.0.1/gherkin-23.0.1.jar:/home/burak/.m2/repository/io/cucumber/messages/18.0.0/messages-18.0.0.jar:/home/burak/.m2/repository/io/cucumber/tag-expressions/4.1.0/tag-expressions-4.1.0.jar:/home/burak/.m2/repository/io/cucumber/cucumber-expressions/16.0.0/cucumber-expressions-16.0.0.jar:/home/burak/.m2/repository/io/cucumber/datatable/7.5.0/datatable-7.5.0.jar:/home/burak/.m2/repository/io/cucumber/cucumber-plugin/7.5.0/cucumber-plugin-7.5.0.jar:/home/burak/.m2/repository/io/cucumber/docstring/7.5.0/docstring-7.5.0.jar:/home/burak/.m2/repository/io/cucumber/html-formatter/19.2.0/html-formatter-19.2.0.jar:/home/burak/.m2/repository/io/cucumber/ci-environment/9.1.0/ci-environment-9.1.0.jar:/home/burak/.m2/repository/org/apiguardian/apiguardian-api/1.1.2/apiguardian-api-1.1.2.jar:/home/burak/.m2/repository/junit/junit/4.13.2/junit-4.13.2.jar:/home/burak/.m2/repository/org/hamcrest/hamcrest-core/1.3/hamcrest-core-1.3.jar:/home/burak/.m2/repository/io/cucumber/cucumber-junit/7.5.0/cucumber-junit-7.5.0.jar:/home/burak/.m2/repository/io/cucumber/cucumber-junit-platform-engine/7.5.0/cucumber-junit-platform-engine-7.5.0.jar:/home/burak/.m2/repository/org/junit/platform/junit-platform-engine/1.9.0/junit-platform-engine-1.9.0.jar:/home/burak/.m2/repository/org/opentest4j/opentest4j/1.2.0/opentest4j-1.2.0.jar:/home/burak/.m2/repository/org/junit/platform/junit-platform-commons/1.9.0/junit-platform-commons-1.9.0.jar:/home/burak/.m2/repository/org/junit/platform/junit-platform-suite/1.9.0/junit-platform-suite-1.9.0.jar:/home/burak/.m2/repository/org/junit/platform/junit-platform-suite-api/1.9.0/junit-platform-suite-api-1.9.0.jar:/home/burak/.m2/repository/org/junit/platform/junit-platform-suite-engine/1.9.0/junit-platform-suite-engine-1.9.0.jar:/home/burak/.m2/repository/org/junit/platform/junit-platform-suite-commons/1.9.0/junit-platform-suite-commons-1.9.0.jar:/home/burak/.m2/repository/org/junit/platform/junit-platform-launcher/1.9.0/junit-platform-launcher-1.9.0.jar:/home/burak/.m2/repository/org/junit/jupiter/junit-jupiter/5.9.0/junit-jupiter-5.9.0.jar:/home/burak/.m2/repository/org/junit/jupiter/junit-jupiter-api/5.9.0/junit-jupiter-api-5.9.0.jar:/home/burak/.m2/repository/org/junit/jupiter/junit-jupiter-params/5.9.0/junit-jupiter-params-5.9.0.jar:/home/burak/.m2/repository/org/junit/jupiter/junit-jupiter-engine/5.9.0/junit-jupiter-engine-5.9.0.jar:"/>
    <property name="java.vm.vendor" value="Ubuntu"/>
    <property name="sun.arch.data.model" value="64"/>
    <property name="java.vendor.url" value="https://ubuntu.com/"/>
    <property name="user.timezone" value="Europe/Istanbul"/>
    <property name="java.vm.specification.version" value="11"/>
    <property name="os.name" value="Linux"/>
    <property name="sun.java.launcher" value="SUN_STANDARD"/>
    <property name="user.country" value="US"/>
    <property name="sun.boot.library.path" value="/usr/lib/jvm/java-11-openjdk-amd64/lib"/>
    <property name="sun.java.command" value="/home/burak/Projects/hellocucumber/target/surefire/surefirebooter-20220812140944160_3.jar /home/burak/Projects/hellocucumber/target/surefire 2022-08-12T14-09-43_926-jvmRun1 surefire-20220812140944160_1tmp surefire_0-20220812140944160_2tmp"/>
    <property name="jdk.debug" value="release"/>
    <property name="surefire.test.class.path" value="/home/burak/Projects/hellocucumber/target/test-classes:/home/burak/Projects/hellocucumber/target/classes:/home/burak/.m2/repository/io/cucumber/cucumber-java/7.5.0/cucumber-java-7.5.0.jar:/home/burak/.m2/repository/io/cucumber/cucumber-core/7.5.0/cucumber-core-7.5.0.jar:/home/burak/.m2/repository/io/cucumber/cucumber-gherkin/7.5.0/cucumber-gherkin-7.5.0.jar:/home/burak/.m2/repository/io/cucumber/cucumber-gherkin-messages/7.5.0/cucumber-gherkin-messages-7.5.0.jar:/home/burak/.m2/repository/io/cucumber/gherkin/23.0.1/gherkin-23.0.1.jar:/home/burak/.m2/repository/io/cucumber/messages/18.0.0/messages-18.0.0.jar:/home/burak/.m2/repository/io/cucumber/tag-expressions/4.1.0/tag-expressions-4.1.0.jar:/home/burak/.m2/repository/io/cucumber/cucumber-expressions/16.0.0/cucumber-expressions-16.0.0.jar:/home/burak/.m2/repository/io/cucumber/datatable/7.5.0/datatable-7.5.0.jar:/home/burak/.m2/repository/io/cucumber/cucumber-plugin/7.5.0/cucumber-plugin-7.5.0.jar:/home/burak/.m2/repository/io/cucumber/docstring/7.5.0/docstring-7.5.0.jar:/home/burak/.m2/repository/io/cucumber/html-formatter/19.2.0/html-formatter-19.2.0.jar:/home/burak/.m2/repository/io/cucumber/ci-environment/9.1.0/ci-environment-9.1.0.jar:/home/burak/.m2/repository/org/apiguardian/apiguardian-api/1.1.2/apiguardian-api-1.1.2.jar:/home/burak/.m2/repository/junit/junit/4.13.2/junit-4.13.2.jar:/home/burak/.m2/repository/org/hamcrest/hamcrest-core/1.3/hamcrest-core-1.3.jar:/home/burak/.m2/repository/io/cucumber/cucumber-junit/7.5.0/cucumber-junit-7.5.0.jar:/home/burak/.m2/repository/io/cucumber/cucumber-junit-platform-engine/7.5.0/cucumber-junit-platform-engine-7.5.0.jar:/home/burak/.m2/repository/org/junit/platform/junit-platform-engine/1.9.0/junit-platform-engine-1.9.0.jar:/home/burak/.m2/repository/org/opentest4j/opentest4j/1.2.0/opentest4j-1.2.0.jar:/home/burak/.m2/repository/org/junit/platform/junit-platform-commons/1.9.0/junit-platform-commons-1.9.0.jar:/home/burak/.m2/repository/org/junit/platform/junit-platform-suite/1.9.0/junit-platform-suite-1.9.0.jar:/home/burak/.m2/repository/org/junit/platform/junit-platform-suite-api/1.9.0/junit-platform-suite-api-1.9.0.jar:/home/burak/.m2/repository/org/junit/platform/junit-platform-suite-engine/1.9.0/junit-platform-suite-engine-1.9.0.jar:/home/burak/.m2/repository/org/junit/platform/junit-platform-suite-commons/1.9.0/junit-platform-suite-commons-1.9.0.jar:/home/burak/.m2/repository/org/junit/platform/junit-platform-launcher/1.9.0/junit-platform-launcher-1.9.0.jar:/home/burak/.m2/repository/org/junit/jupiter/junit-jupiter/5.9.0/junit-jupiter-5.9.0.jar:/home/burak/.m2/repository/org/junit/jupiter/junit-jupiter-api/5.9.0/junit-jupiter-api-5.9.0.jar:/home/burak/.m2/repository/org/junit/jupiter/junit-jupiter-params/5.9.0/junit-jupiter-params-5.9.0.jar:/home/burak/.m2/repository/org/junit/jupiter/junit-jupiter-engine/5.9.0/junit-jupiter-engine-5.9.0.jar:"/>
    <property name="sun.cpu.endian" value="little"/>
    <property name="user.home" value="/home/burak"/>
    <property name="user.language" value="en"/>
    <property name="java.specification.vendor" value="Oracle Corporation"/>
    <property name="java.version.date" value="2022-07-19"/>
    <property name="java.home" value="/usr/lib/jvm/java-11-openjdk-amd64"/>
    <property name="file.separator" value="/"/>
    <property name="basedir" value="/home/burak/Projects/hellocucumber"/>
    <property name="java.vm.compressedOopsMode" value="32-bit"/>
    <property name="line.separator" value="&#10;"/>
    <property name="java.specification.name" value="Java Platform API Specification"/>
    <property name="java.vm.specification.vendor" value="Oracle Corporation"/>
    <property name="java.awt.graphicsenv" value="sun.awt.X11GraphicsEnvironment"/>
    <property name="surefire.real.class.path" value="/home/burak/Projects/hellocucumber/target/surefire/surefirebooter-20220812140944160_3.jar"/>
    <property name="sun.management.compiler" value="HotSpot 64-Bit Tiered Compilers"/>
    <property name="java.runtime.version" value="11.0.16+8-post-Ubuntu-0ubuntu120.04"/>
    <property name="user.name" value="burak"/>
    <property name="path.separator" value=":"/>
    <property name="os.version" value="5.4.0-124-generic"/>
    <property name="java.runtime.name" value="OpenJDK Runtime Environment"/>
    <property name="file.encoding" value="UTF-8"/>
    <property name="java.vm.name" value="OpenJDK 64-Bit Server VM"/>
    <property name="localRepository" value="/home/burak/.m2/repository"/>
    <property name="java.vendor.url.bug" value="https://bugs.launchpad.net/ubuntu/+source/openjdk-lts"/>
    <property name="java.io.tmpdir" value="/tmp"/>
    <property name="java.version" value="11.0.16"/>
    <property name="user.dir" value="/home/burak/Projects/hellocucumber"/>
    <property name="os.arch" value="amd64"/>
    <property name="java.vm.specification.name" value="Java Virtual Machine Specification"/>
    <property name="java.awt.printerjob" value="sun.print.PSPrinterJob"/>
    <property name="sun.os.patch.level" value="unknown"/>
    <property name="java.library.path" value="/usr/java/packages/lib:/usr/lib/x86_64-linux-gnu/jni:/lib/x86_64-linux-gnu:/usr/lib/x86_64-linux-gnu:/usr/lib/jni:/lib:/usr/lib"/>
    <property name="java.vm.info" value="mixed mode, sharing"/>
    <property name="java.vendor" value="Ubuntu"/>
    <property name="java.vm.version" value="11.0.16+8-post-Ubuntu-0ubuntu120.04"/>
    <property name="sun.io.unicode.encoding" value="UnicodeLittle"/>
    <property name="java.class.version" value="55.0"/>
  </properties>
  <testcase name="The example 1" classname="An example" time="0.056">
    <system-out><![CDATA[
Scenario: The example 1               &amp#27;[90m# hellocucumber/example.feature:3&amp#27;[0m
  &amp#27;[32mGiven &amp#27;[0m&amp#27;[32madd rate &amp#27;[0m&amp#27;[32m&amp#27;[1m"USD"&amp#27;[0m&amp#27;[32m, &amp#27;[0m&amp#27;[32m&amp#27;[1m"JPY"&amp#27;[0m&amp#27;[32m, &amp#27;[0m&amp#27;[32m&amp#27;[1m132.62&amp#27;[0m &amp#27;[90m# hellocucumber.StepDefinitions.add_rate(java.lang.String,java.lang.String,java.lang.Double)&amp#27;[0m
  &amp#27;[32mGiven &amp#27;[0m&amp#27;[32madd rate &amp#27;[0m&amp#27;[32m&amp#27;[1m"USD"&amp#27;[0m&amp#27;[32m, &amp#27;[0m&amp#27;[32m&amp#27;[1m"AUD"&amp#27;[0m&amp#27;[32m, &amp#27;[0m&amp#27;[32m&amp#27;[1m1.40&amp#27;[0m   &amp#27;[90m# hellocucumber.StepDefinitions.add_rate(java.lang.String,java.lang.String,java.lang.Double)&amp#27;[0m
  &amp#27;[32mGiven &amp#27;[0m&amp#27;[32madd rate &amp#27;[0m&amp#27;[32m&amp#27;[1m"JPY"&amp#27;[0m&amp#27;[32m, &amp#27;[0m&amp#27;[32m&amp#27;[1m"GBP"&amp#27;[0m&amp#27;[32m, &amp#27;[0m&amp#27;[32m&amp#27;[1m0.0062&amp#27;[0m &amp#27;[90m# hellocucumber.StepDefinitions.add_rate(java.lang.String,java.lang.String,java.lang.Double)&amp#27;[0m
  &amp#27;[32mGiven &amp#27;[0m&amp#27;[32madd wanted &amp#27;[0m&amp#27;[32m&amp#27;[1m"AUD"&amp#27;[0m&amp#27;[32m, &amp#27;[0m&amp#27;[32m&amp#27;[1m"USD"&amp#27;[0m&amp#27;[32m, &amp#27;[0m&amp#27;[32m&amp#27;[1m1.0&amp#27;[0m  &amp#27;[90m# hellocucumber.StepDefinitions.add_wanted(java.lang.String,java.lang.String,java.lang.Double)&amp#27;[0m
  &amp#27;[32mGiven &amp#27;[0m&amp#27;[32mexpected result &amp#27;[0m&amp#27;[32m&amp#27;[1m0.71&amp#27;[0m          &amp#27;[90m# hellocucumber.StepDefinitions.add_wanted(java.lang.Double)&amp#27;[0m
  &amp#27;[32mWhen &amp#27;[0m&amp#27;[32msolve the problem&amp#27;[0m              &amp#27;[90m# hellocucumber.StepDefinitions.allStepDefinitionsAreImplemented()&amp#27;[0m
  &amp#27;[32mThen &amp#27;[0m&amp#27;[32mthe results match&amp#27;[0m              &amp#27;[90m# hellocucumber.StepDefinitions.theScenarioPasses()&amp#27;[0m
]]></system-out>
  </testcase>
  <testcase name="The example 2" classname="An example" time="0.009">
    <system-out><![CDATA[
Scenario: The example 2               &amp#27;[90m# hellocucumber/example.feature:12&amp#27;[0m
  &amp#27;[32mGiven &amp#27;[0m&amp#27;[32madd rate &amp#27;[0m&amp#27;[32m&amp#27;[1m"USD"&amp#27;[0m&amp#27;[32m, &amp#27;[0m&amp#27;[32m&amp#27;[1m"JPY"&amp#27;[0m&amp#27;[32m, &amp#27;[0m&amp#27;[32m&amp#27;[1m132.62&amp#27;[0m &amp#27;[90m# hellocucumber.StepDefinitions.add_rate(java.lang.String,java.lang.String,java.lang.Double)&amp#27;[0m
  &amp#27;[32mGiven &amp#27;[0m&amp#27;[32madd rate &amp#27;[0m&amp#27;[32m&amp#27;[1m"USD"&amp#27;[0m&amp#27;[32m, &amp#27;[0m&amp#27;[32m&amp#27;[1m"AUD"&amp#27;[0m&amp#27;[32m, &amp#27;[0m&amp#27;[32m&amp#27;[1m1.40&amp#27;[0m   &amp#27;[90m# hellocucumber.StepDefinitions.add_rate(java.lang.String,java.lang.String,java.lang.Double)&amp#27;[0m
  &amp#27;[32mGiven &amp#27;[0m&amp#27;[32madd rate &amp#27;[0m&amp#27;[32m&amp#27;[1m"AUD"&amp#27;[0m&amp#27;[32m, &amp#27;[0m&amp#27;[32m&amp#27;[1m"TRY"&amp#27;[0m&amp#27;[32m, &amp#27;[0m&amp#27;[32m&amp#27;[1m12.79&amp#27;[0m  &amp#27;[90m# hellocucumber.StepDefinitions.add_rate(java.lang.String,java.lang.String,java.lang.Double)&amp#27;[0m
  &amp#27;[32mGiven &amp#27;[0m&amp#27;[32madd rate &amp#27;[0m&amp#27;[32m&amp#27;[1m"EUR"&amp#27;[0m&amp#27;[32m, &amp#27;[0m&amp#27;[32m&amp#27;[1m"TRY"&amp#27;[0m&amp#27;[32m, &amp#27;[0m&amp#27;[32m&amp#27;[1m18.58&amp#27;[0m  &amp#27;[90m# hellocucumber.StepDefinitions.add_rate(java.lang.String,java.lang.String,java.lang.Double)&amp#27;[0m
  &amp#27;[32mGiven &amp#27;[0m&amp#27;[32madd rate &amp#27;[0m&amp#27;[32m&amp#27;[1m"JPY"&amp#27;[0m&amp#27;[32m, &amp#27;[0m&amp#27;[32m&amp#27;[1m"GBP"&amp#27;[0m&amp#27;[32m, &amp#27;[0m&amp#27;[32m&amp#27;[1m0.0062&amp#27;[0m &amp#27;[90m# hellocucumber.StepDefinitions.add_rate(java.lang.String,java.lang.String,java.lang.Double)&amp#27;[0m
  &amp#27;[32mGiven &amp#27;[0m&amp#27;[32madd wanted &amp#27;[0m&amp#27;[32m&amp#27;[1m"GBP"&amp#27;[0m&amp#27;[32m, &amp#27;[0m&amp#27;[32m&amp#27;[1m"EUR"&amp#27;[0m&amp#27;[32m, &amp#27;[0m&amp#27;[32m&amp#27;[1m1.0&amp#27;[0m  &amp#27;[90m# hellocucumber.StepDefinitions.add_wanted(java.lang.String,java.lang.String,java.lang.Double)&amp#27;[0m
  &amp#27;[32mGiven &amp#27;[0m&amp#27;[32mexpected result &amp#27;[0m&amp#27;[32m&amp#27;[1m1.17&amp#27;[0m          &amp#27;[90m# hellocucumber.StepDefinitions.add_wanted(java.lang.Double)&amp#27;[0m
  &amp#27;[32mWhen &amp#27;[0m&amp#27;[32msolve the problem&amp#27;[0m              &amp#27;[90m# hellocucumber.StepDefinitions.allStepDefinitionsAreImplemented()&amp#27;[0m
  &amp#27;[32mThen &amp#27;[0m&amp#27;[32mthe results match&amp#27;[0m              &amp#27;[90m# hellocucumber.StepDefinitions.theScenarioPasses()&amp#27;[0m
]]></system-out>
  </testcase>
</testsuite>